#
# There is insufficient memory for the Java Runtime Environment to continue.
# Native memory allocation (mmap) failed to map 257949696 bytes for G1 virtual space
# Possible reasons:
#   The system is out of physical RAM or swap space
#   The process is running with CompressedOops enabled, and the Java Heap may be blocking the growth of the native heap
# Possible solutions:
#   Reduce memory load on the system
#   Increase physical memory or swap space
#   Check if swap backing store is full
#   Decrease Java heap size (-Xmx/-Xms)
#   Decrease number of Java threads
#   Decrease Java thread stack sizes (-Xss)
#   Set larger code cache with -XX:ReservedCodeCacheSize=
#   JVM is running with Zero Based Compressed Oops mode in which the Java heap is
#     placed in the first 32GB address space. The Java Heap base address is the
#     maximum limit for the native heap growth. Please use -XX:HeapBaseMinAddress
#     to set the Java Heap base and to place the Java Heap above 32GB virtual address.
# This output file may be truncated or incomplete.
#
#  Out of Memory Error (os_windows.cpp:3527), pid=6044, tid=15936
#
# JRE version:  (19.0.1+10) (build )
# Java VM: Java HotSpot(TM) 64-Bit Server VM (19.0.1+10-21, mixed mode, sharing, tiered, compressed oops, compressed class ptrs, g1 gc, windows-amd64)
# No core dump will be written. Minidumps are not enabled by default on client versions of Windows
#

---------------  S U M M A R Y ------------

Command Line: -Dfile.encoding=UTF-8 --module-path=C:\Users\VISHNU\eclipse-workspace\BMS_Vishnu\bin -XX:+ShowCodeDetailsInExceptionMessages -Djdk.module.main=BMS_Vishnu BMS_Vishnu/com.bms.test.AccountHolderTest

Host: AMD Ryzen 5 5500U with Radeon Graphics         , 12 cores, 15G,  Windows 11 , 64 bit Build 22621 (10.0.22621.2506)
Time: Wed Jan  3 14:28:23 2024 India Standard Time elapsed time: 0.046566 seconds (0d 0h 0m 0s)

---------------  T H R E A D  ---------------

Current thread (0x000001d761444e10):  JavaThread "Unknown thread" [_thread_in_vm, id=15936, stack(0x0000004d95f00000,0x0000004d96000000)]

Stack: [0x0000004d95f00000,0x0000004d96000000]
Native frames: (J=compiled Java code, j=interpreted, Vv=VM code, C=native code)
V  [jvm.dll+0x6ee8fa]
V  [jvm.dll+0x857a1e]
V  [jvm.dll+0x85940e]
V  [jvm.dll+0x859ac3]
V  [jvm.dll+0x28291f]
V  [jvm.dll+0x6eb6e9]
V  [jvm.dll+0x6e028a]
V  [jvm.dll+0x357136]
V  [jvm.dll+0x35eb96]
V  [jvm.dll+0x3b555e]
V  [jvm.dll+0x3b578f]
V  [jvm.dll+0x32c6ea]
V  [jvm.dll+0x32d59e]
V  [jvm.dll+0x821b20]
V  [jvm.dll+0x3c27c1]
V  [jvm.dll+0x8022f1]
V  [jvm.dll+0x44b30f]
V  [jvm.dll+0x44cc91]
C  [jli.dll+0x5287]
C  [ucrtbase.dll+0x29363]
C  [KERNEL32.DLL+0x1257d]
C  [ntdll.dll+0x5aa58]


---------------  P R O C E S S  ---------------

Threads class SMR info:
_java_thread_list=0x00007ffeac98d048, length=0, elements={
}

Java Threads: ( => current thread )

Other Threads:
  0x000001d7614b3ec0 WorkerThread "GC Thread#0" [stack: 0x0000004d96000000,0x0000004d96100000] [id=20736]
  0x000001d7614c6bb0 ConcurrentGCThread "G1 Main Marker" [stack: 0x0000004d96100000,0x0000004d96200000] [id=13772]
  0x000001d7614c74e0 WorkerThread "G1 Conc#0" [stack: 0x0000004d96200000,0x0000004d96300000] [id=14216]

[error occurred during error reporting (printing all threads), id 0xc0000005, EXCEPTION_ACCESS_VIOLATION (0xc0000005) at pc=0x00007ffeac14d127]

VM state: not at safepoint (not fully initialized)

VM Mutex/Monitor currently owned by a thread:  ([mutex/lock_event])
[0x000001d761440e10] Heap_lock - owner thread: 0x000001d761444e10

Heap address: 0x000000070ac00000, size: 3924 MB, Compressed Oops mode: Zero based, Oop shift amount: 3

CDS archive(s) mapped at: [0x0000000000000000-0x0000000000000000-0x0000000000000000), size 0, SharedBaseAddress: 0x0000000800000000, ArchiveRelocationMode: 0.
Narrow klass base: 0x0000000000000000, Narrow klass shift: 0, Narrow klass range: 0x0

GC Precious Log:
 CardTable entry size: 512
 Card Set container configuration: InlinePtr #cards 4 size 8 Array Of Cards #cards 16 size 48 Howl #buckets 8 coarsen threshold 3686 Howl Bitmap #cards 512 size 80 coarsen threshold 460 Card regions per heap region 1 cards per card region 4096

Heap:
 garbage-first heap   total 0K, used 0K [0x000000070ac00000, 0x0000000800000000)
  region size 2048K, 0 young (0K), 0 survivors (0K)

[error occurred during error reporting (printing heap information), id 0xc0000005, EXCEPTION_ACCESS_VIOLATION (0xc0000005) at pc=0x00007ffeac556959]

GC Heap History (0 events):
No events

Dll operation events (1 events):
Event: 0.021 Loaded shared library C:\Program Files\Java\jdk-19\bin\java.dll

Deoptimization events (0 events):
No events

Classes loaded (0 events):
No events

Classes unloaded (0 events):
No events

Classes redefined (0 events):
No events

Internal exceptions (0 events):
No events

VM Operations (0 events):
No events

Events (0 events):
No events


Dynamic libraries:
0x00007ff726d30000 - 0x00007ff726d40000 	C:\Program Files\Java\jdk-19\bin\javaw.exe
0x00007fff3e870000 - 0x00007fff3ea87000 	C:\WINDOWS\SYSTEM32\ntdll.dll
0x00007fff3dbc0000 - 0x00007fff3dc84000 	C:\WINDOWS\System32\KERNEL32.DLL
0x00007fff3bee0000 - 0x00007fff3c286000 	C:\WINDOWS\System32\KERNELBASE.dll
0x00007fff3bd90000 - 0x00007fff3bea1000 	C:\WINDOWS\System32\ucrtbase.dll
0x00007fff38e70000 - 0x00007fff38e88000 	C:\Program Files\Java\jdk-19\bin\jli.dll
0x00007fff3e470000 - 0x00007fff3e521000 	C:\WINDOWS\System32\ADVAPI32.dll
0x00007fff3d9f0000 - 0x00007fff3da97000 	C:\WINDOWS\System32\msvcrt.dll
0x00007fff3daa0000 - 0x00007fff3db45000 	C:\WINDOWS\System32\sechost.dll
0x00007fff3e280000 - 0x00007fff3e397000 	C:\WINDOWS\System32\RPCRT4.dll
0x00007fff3e680000 - 0x00007fff3e82e000 	C:\WINDOWS\System32\USER32.dll
0x00007fff38e90000 - 0x00007fff38eab000 	C:\Program Files\Java\jdk-19\bin\VCRUNTIME140.dll
0x00007fff3beb0000 - 0x00007fff3bed6000 	C:\WINDOWS\System32\win32u.dll
0x00007fff3db90000 - 0x00007fff3dbb9000 	C:\WINDOWS\System32\GDI32.dll
0x00007fff3c400000 - 0x00007fff3c518000 	C:\WINDOWS\System32\gdi32full.dll
0x00007fff3c520000 - 0x00007fff3c5ba000 	C:\WINDOWS\System32\msvcp_win.dll
0x00007fff24980000 - 0x00007fff24c13000 	C:\WINDOWS\WinSxS\amd64_microsoft.windows.common-controls_6595b64144ccf1df_6.0.22621.2506_none_270c5ae97388e100\COMCTL32.dll
0x00007fff32590000 - 0x00007fff3259a000 	C:\WINDOWS\SYSTEM32\VERSION.dll
0x00007fff3db50000 - 0x00007fff3db81000 	C:\WINDOWS\System32\IMM32.DLL
0x00007fff34c20000 - 0x00007fff34c2c000 	C:\Program Files\Java\jdk-19\bin\vcruntime140_1.dll
0x00007fff31e00000 - 0x00007fff31e8e000 	C:\Program Files\Java\jdk-19\bin\msvcp140.dll
0x00007ffeabe10000 - 0x00007ffeacad0000 	C:\Program Files\Java\jdk-19\bin\server\jvm.dll
0x00007fff2e050000 - 0x00007fff2e059000 	C:\WINDOWS\SYSTEM32\WSOCK32.dll
0x00007fff3e3f0000 - 0x00007fff3e461000 	C:\WINDOWS\System32\WS2_32.dll
0x00007fff33aa0000 - 0x00007fff33ad4000 	C:\WINDOWS\SYSTEM32\WINMM.dll
0x00007fff3abe0000 - 0x00007fff3abf8000 	C:\WINDOWS\SYSTEM32\kernel.appcore.dll
0x00007fff34a00000 - 0x00007fff34a0a000 	C:\Program Files\Java\jdk-19\bin\jimage.dll
0x00007fff28c60000 - 0x00007fff28e93000 	C:\WINDOWS\SYSTEM32\DBGHELP.DLL
0x00007fff3c7e0000 - 0x00007fff3cb69000 	C:\WINDOWS\System32\combase.dll
0x00007fff3e110000 - 0x00007fff3e1e7000 	C:\WINDOWS\System32\OLEAUT32.dll
0x00007fff1fe20000 - 0x00007fff1fe52000 	C:\WINDOWS\SYSTEM32\dbgcore.DLL
0x00007fff3bbe0000 - 0x00007fff3bc5a000 	C:\WINDOWS\System32\bcryptPrimitives.dll
0x00007fff342e0000 - 0x00007fff34306000 	C:\Program Files\Java\jdk-19\bin\java.dll

dbghelp: loaded successfully - version: 4.0.5 - missing functions: none
symbol engine: initialized successfully - sym options: 0x614 - pdb path: .;C:\Program Files\Java\jdk-19\bin;C:\WINDOWS\SYSTEM32;C:\WINDOWS\WinSxS\amd64_microsoft.windows.common-controls_6595b64144ccf1df_6.0.22621.2506_none_270c5ae97388e100;C:\Program Files\Java\jdk-19\bin\server

VM Arguments:
jvm_args: -Dfile.encoding=UTF-8 --module-path=C:\Users\VISHNU\eclipse-workspace\BMS_Vishnu\bin -XX:+ShowCodeDetailsInExceptionMessages -Djdk.module.main=BMS_Vishnu 
java_command: BMS_Vishnu/com.bms.test.AccountHolderTest
java_class_path (initial): C:\Users\VISHNU\Downloads\mysql-connector-j-8.2.0.jar
Launcher Type: SUN_STANDARD

[Global flags]
     intx CICompilerCount                          = 4                                         {product} {ergonomic}
     uint ConcGCThreads                            = 3                                         {product} {ergonomic}
     uint G1ConcRefinementThreads                  = 10                                        {product} {ergonomic}
   size_t G1HeapRegionSize                         = 2097152                                   {product} {ergonomic}
    uintx GCDrainStackTargetSize                   = 64                                        {product} {ergonomic}
   size_t InitialHeapSize                          = 257949696                                 {product} {ergonomic}
   size_t MarkStackSize                            = 4194304                                   {product} {ergonomic}
   size_t MaxHeapSize                              = 4114612224                                {product} {ergonomic}
   size_t MinHeapDeltaBytes                        = 2097152                                   {product} {ergonomic}
   size_t MinHeapSize                              = 8388608                                   {product} {ergonomic}
    uintx NonNMethodCodeHeapSize                   = 5839372                                {pd product} {ergonomic}
    uintx NonProfiledCodeHeapSize                  = 122909434                              {pd product} {ergonomic}
    uintx ProfiledCodeHeapSize                     = 122909434                              {pd product} {ergonomic}
    uintx ReservedCodeCacheSize                    = 251658240                              {pd product} {ergonomic}
     bool SegmentedCodeCache                       = true                                      {product} {ergonomic}
     bool ShowCodeDetailsInExceptionMessages       = true                                   {manageable} {command line}
   size_t SoftMaxHeapSize                          = 4114612224                             {manageable} {ergonomic}
     bool UseCompressedClassPointers               = true                           {product lp64_product} {ergonomic}
     bool UseCompressedOops                        = true                           {product lp64_product} {ergonomic}
     bool UseG1GC                                  = true                                      {product} {ergonomic}
     bool UseLargePagesIndividualAllocation        = false                                  {pd product} {ergonomic}

Logging:
Log output configuration:
 #0: stdout all=warning uptime,level,tags foldmultilines=false
 #1: stderr all=off uptime,level,tags foldmultilines=false

Environment Variables:
PATH=C:\Program Files\Common Files\Oracle\Java\javapath;C:\WINDOWS\system32;C:\WINDOWS;C:\WINDOWS\System32\Wbem;C:\WINDOWS\System32\WindowsPowerShell\v1.0\;C:\WINDOWS\System32\OpenSSH\;C:\Program Files\MySQL\MySQL Shell 8.0\bin\;C:\Users\VISHNU\AppData\Local\Programs\Python\Python311\Scripts\;C:\Users\VISHNU\AppData\Local\Programs\Python\Python311\;C:\Users\VISHNU\AppData\Local\Microsoft\WindowsApps;
USERNAME=VISHNU
OS=Windows_NT
PROCESSOR_IDENTIFIER=AMD64 Family 23 Model 104 Stepping 1, AuthenticAMD
TMP=C:\Users\VISHNU\AppData\Local\Temp
TEMP=C:\Users\VISHNU\AppData\Local\Temp



---------------  S Y S T E M  ---------------

OS:
 Windows 11 , 64 bit Build 22621 (10.0.22621.2506)
OS uptime: 6 days 17:47 hours

CPU: total 12 (initial active 12) (12 cores per cpu, 2 threads per core) family 23 model 104 stepping 1 microcode 0x0, cx8, cmov, fxsr, ht, mmx, 3dnowpref, sse, sse2, sse3, ssse3, sse4a, sse4.1, sse4.2, popcnt, lzcnt, tsc, tscinvbit, avx, avx2, aes, clmul, bmi1, bmi2, adx, sha, fma, vzeroupper, clflush, clflushopt, rdtscp, rdpid

Memory: 4k page, system-wide physical 15694M (7873M free)
TotalPageFile size 38234M (AvailPageFile size 45M)
current process WorkingSet (physical memory assigned to process): 11M, peak: 11M
current process commit charge ("private bytes"): 64M, peak: 310M

vm_info: Java HotSpot(TM) 64-Bit Server VM (19.0.1+10-21) for windows-amd64 JRE (19.0.1+10-21), built on 2022-09-14T12:45:06Z by "mach5one" with MS VC++ 17.1 (VS2022)

END.
